<?xml version="1.0" encoding="utf-8"?><testsuites name="pytest tests"><testsuite name="pytest" errors="0" failures="0" skipped="0" tests="13" time="0.595" timestamp="2026-01-06T18:50:57.517200+00:00" hostname="agent-env-9b5b655c-f883-414e-b79d-002e0cf03d82"><testcase classname="tests.test_liveview_team_data.TestLiveViewTeamData" name="test_share_endpoint_returns_200" time="0.065" /><testcase classname="tests.test_liveview_team_data.TestLiveViewTeamData" name="test_share_endpoint_returns_home_team_logo_field" time="0.040" /><testcase classname="tests.test_liveview_team_data.TestLiveViewTeamData" name="test_share_endpoint_returns_away_team_logo_field" time="0.042" /><testcase classname="tests.test_liveview_team_data.TestLiveViewTeamData" name="test_share_endpoint_returns_home_team_roster" time="0.041" /><testcase classname="tests.test_liveview_team_data.TestLiveViewTeamData" name="test_share_endpoint_returns_away_team_roster" time="0.040" /><testcase classname="tests.test_liveview_team_data.TestLiveViewTeamData" name="test_share_endpoint_returns_home_player_stats" time="0.038" /><testcase classname="tests.test_liveview_team_data.TestLiveViewTeamData" name="test_share_endpoint_returns_away_player_stats" time="0.040" /><testcase classname="tests.test_liveview_team_data.TestLiveViewTeamData" name="test_share_endpoint_returns_team_names" time="0.040" /><testcase classname="tests.test_liveview_team_data.TestLiveViewTeamData" name="test_share_endpoint_returns_team_colors" time="0.040" /><testcase classname="tests.test_liveview_team_data.TestLiveViewTeamData" name="test_share_endpoint_returns_quarter_scores" time="0.037" /><testcase classname="tests.test_liveview_team_data.TestLiveViewTeamData" name="test_share_endpoint_returns_404_for_invalid_code" time="0.040" /><testcase classname="tests.test_liveview_team_data.TestLiveViewTeamData" name="test_share_endpoint_returns_sport_field" time="0.041" /><testcase classname="tests.test_liveview_team_data.TestLiveViewDataIntegrity" name="test_player_stats_match_roster_players" time="0.036" /></testsuite></testsuites>