<?xml version="1.0" encoding="utf-8"?><testsuites name="pytest tests"><testsuite name="pytest" errors="0" failures="0" skipped="0" tests="7" time="2.948" timestamp="2026-01-10T03:48:16.170028+00:00" hostname="agent-env-427e7a67-5290-4946-ba13-934b146c09c5"><testcase classname="tests.test_team_sport_persistence.TestTeamSportPersistence" name="test_create_baseball_team" time="0.406" /><testcase classname="tests.test_team_sport_persistence.TestTeamSportPersistence" name="test_update_baseball_team_preserves_sport" time="0.397" /><testcase classname="tests.test_team_sport_persistence.TestTeamSportPersistence" name="test_update_without_sport_preserves_existing" time="0.373" /><testcase classname="tests.test_team_sport_persistence.TestTeamSportPersistence" name="test_add_roster_to_baseball_team" time="0.420" /><testcase classname="tests.test_team_sport_persistence.TestTeamSportPersistence" name="test_full_workflow_create_edit_navigate_back" time="0.560" /><testcase classname="tests.test_team_sport_persistence.TestTeamsAPI" name="test_get_teams_by_sport_filter" time="0.283" /><testcase classname="tests.test_team_sport_persistence.TestTeamsAPI" name="test_team_crud_operations" time="0.411" /></testsuite></testsuites>