<?xml version="1.0" encoding="utf-8"?><testsuites name="pytest tests"><testsuite name="pytest" errors="0" failures="0" skipped="0" tests="12" time="1.066" timestamp="2026-01-06T18:07:31.245963+00:00" hostname="agent-env-9b5b655c-f883-414e-b79d-002e0cf03d82"><testcase classname="tests.test_pdf_export.TestPDFExport" name="test_classic_mode_pdf_endpoint_returns_200" time="0.354" /><testcase classname="tests.test_pdf_export.TestPDFExport" name="test_classic_mode_pdf_content_type" time="0.057" /><testcase classname="tests.test_pdf_export.TestPDFExport" name="test_classic_mode_pdf_is_valid" time="0.062" /><testcase classname="tests.test_pdf_export.TestPDFExport" name="test_classic_mode_pdf_has_content_disposition" time="0.060" /><testcase classname="tests.test_pdf_export.TestPDFExport" name="test_advanced_mode_pdf_endpoint_returns_200" time="0.056" /><testcase classname="tests.test_pdf_export.TestPDFExport" name="test_advanced_mode_pdf_content_type" time="0.059" /><testcase classname="tests.test_pdf_export.TestPDFExport" name="test_advanced_mode_pdf_is_valid" time="0.052" /><testcase classname="tests.test_pdf_export.TestPDFExport" name="test_advanced_mode_pdf_has_content_disposition" time="0.090" /><testcase classname="tests.test_pdf_export.TestPDFExport" name="test_pdf_requires_authentication" time="0.036" /><testcase classname="tests.test_pdf_export.TestPDFExport" name="test_pdf_returns_404_for_invalid_game" time="0.037" /><testcase classname="tests.test_pdf_export.TestGameEndpoints" name="test_classic_game_exists" time="0.039" /><testcase classname="tests.test_pdf_export.TestGameEndpoints" name="test_advanced_game_exists" time="0.039" /></testsuite></testsuites>