<?xml version="1.0" encoding="utf-8"?><testsuites name="pytest tests"><testsuite name="pytest" errors="0" failures="3" skipped="3" tests="22" time="1.104" timestamp="2026-01-09T00:56:53.324537+00:00" hostname="agent-env-dbe80444-fef5-43d7-acdc-49176f7cad35"><testcase classname="tests.test_school_apis.TestSchoolAPIs" name="test_check_school_name_available" time="0.100" /><testcase classname="tests.test_school_apis.TestSchoolAPIs" name="test_check_school_name_taken" time="0.045" /><testcase classname="tests.test_school_apis.TestSchoolAPIs" name="test_get_states_list" time="0.038" /><testcase classname="tests.test_school_apis.TestSchoolAPIs" name="test_get_security_questions" time="0.041" /><testcase classname="tests.test_school_apis.TestSchoolAPIs" name="test_get_my_school" time="0.041" /><testcase classname="tests.test_school_apis.TestSchoolAPIs" name="test_get_school_members" time="0.042" /><testcase classname="tests.test_school_apis.TestSchoolAPIs" name="test_get_school_calendar" time="0.039" /><testcase classname="tests.test_school_apis.TestSchoolAPIs" name="test_get_school_seasons" time="0.044" /><testcase classname="tests.test_school_apis.TestSchoolAPIs" name="test_create_season" time="0.079"><failure message="assert 520 == 200&#10; +  where 520 = &lt;Response [520]&gt;.status_code">tests/test_school_apis.py:139: in test_create_season
    assert response.status_code == 200
E   assert 520 == 200
E    +  where 520 = &lt;Response [520]&gt;.status_code</failure></testcase><testcase classname="tests.test_school_apis.TestSchoolAPIs" name="test_get_season_details" time="0.000"><skipped type="pytest.skip" message="No season created in previous test">/app/tests/test_school_apis.py:154: No season created in previous test</skipped></testcase><testcase classname="tests.test_school_apis.TestSchoolAPIs" name="test_get_school_teams" time="0.044" /><testcase classname="tests.test_school_apis.TestSchoolAPIs" name="test_create_team_with_roster" time="0.045"><failure message="assert 520 == 200&#10; +  where 520 = &lt;Response [520]&gt;.status_code">tests/test_school_apis.py:199: in test_create_team_with_roster
    assert response.status_code == 200
E   assert 520 == 200
E    +  where 520 = &lt;Response [520]&gt;.status_code</failure></testcase><testcase classname="tests.test_school_apis.TestSchoolAPIs" name="test_create_opponent_team" time="0.039"><failure message="assert 520 == 200&#10; +  where 520 = &lt;Response [520]&gt;.status_code">tests/test_school_apis.py:222: in test_create_opponent_team
    assert response.status_code == 200
E   assert 520 == 200
E    +  where 520 = &lt;Response [520]&gt;.status_code</failure></testcase><testcase classname="tests.test_school_apis.TestSchoolAPIs" name="test_set_season_team" time="0.000"><skipped type="pytest.skip" message="No season or team created in previous tests">/app/tests/test_school_apis.py:235: No season or team created in previous tests</skipped></testcase><testcase classname="tests.test_school_apis.TestSchoolAPIs" name="test_create_game" time="0.000"><skipped type="pytest.skip" message="No season or opponent created in previous tests">/app/tests/test_school_apis.py:255: No season or opponent created in previous tests</skipped></testcase><testcase classname="tests.test_school_apis.TestSchoolAPIs" name="test_get_school_games" time="0.041" /><testcase classname="tests.test_school_apis.TestSchoolAPIs" name="test_regenerate_invite_code" time="0.049" /><testcase classname="tests.test_school_apis.TestSchoolAPIs" name="test_get_school_by_invite" time="0.038" /><testcase classname="tests.test_school_apis.TestSchoolAPIs" name="test_unauthorized_access_my_school" time="0.082" /><testcase classname="tests.test_school_apis.TestSchoolAPIs" name="test_invalid_token_rejected" time="0.040" /><testcase classname="tests.test_school_apis.TestSchoolSignupValidation" name="test_register_school_missing_fields" time="0.041" /><testcase classname="tests.test_school_apis.TestSchoolSignupValidation" name="test_register_school_duplicate_name" time="0.039" /></testsuite></testsuites>