<?xml version="1.0" encoding="utf-8"?><testsuites name="pytest tests"><testsuite name="pytest" errors="0" failures="0" skipped="0" tests="12" time="0.520" timestamp="2026-01-11T17:51:57.787030+00:00" hostname="agent-env-99b6c4c7-855d-4e87-bb19-004e71a48b33"><testcase classname="tests.test_pricing_apis.TestPricingPackagesAPI" name="test_packages_endpoint_returns_200" time="0.057" /><testcase classname="tests.test_pricing_apis.TestPricingPackagesAPI" name="test_packages_contains_all_tiers" time="0.036" /><testcase classname="tests.test_pricing_apis.TestPricingPackagesAPI" name="test_bronze_tier_is_free" time="0.037" /><testcase classname="tests.test_pricing_apis.TestPricingPackagesAPI" name="test_silver_tier_price" time="0.043" /><testcase classname="tests.test_pricing_apis.TestPricingPackagesAPI" name="test_gold_tier_price" time="0.036" /><testcase classname="tests.test_pricing_apis.TestPricingPackagesAPI" name="test_packages_have_features_list" time="0.037" /><testcase classname="tests.test_pricing_apis.TestTierFeaturesAPI" name="test_bronze_tier_features" time="0.033" /><testcase classname="tests.test_pricing_apis.TestTierFeaturesAPI" name="test_silver_tier_features" time="0.034" /><testcase classname="tests.test_pricing_apis.TestTierFeaturesAPI" name="test_gold_tier_features" time="0.039" /><testcase classname="tests.test_pricing_apis.TestTierFeaturesAPI" name="test_invalid_tier_returns_400" time="0.033" /><testcase classname="tests.test_pricing_apis.TestCheckoutEndpoint" name="test_checkout_requires_valid_package" time="0.033" /><testcase classname="tests.test_pricing_apis.TestCheckoutEndpoint" name="test_checkout_bronze_returns_redirect" time="0.033" /></testsuite></testsuites>