<?xml version="1.0" encoding="utf-8"?><testsuites name="pytest tests"><testsuite name="pytest" errors="0" failures="0" skipped="0" tests="6" time="2.232" timestamp="2026-01-06T14:36:43.995783+00:00" hostname="agent-env-9b5b655c-f883-414e-b79d-002e0cf03d82"><testcase classname="tests.test_clock_initialization.TestClockInitialization" name="test_existing_game_with_480_period_duration" time="0.365" /><testcase classname="tests.test_clock_initialization.TestClockInitialization" name="test_create_game_with_600_period_duration" time="0.335" /><testcase classname="tests.test_clock_initialization.TestClockInitialization" name="test_create_game_with_default_period_duration" time="0.336" /><testcase classname="tests.test_clock_initialization.TestClockInitialization" name="test_game_state_persistence" time="0.419" /><testcase classname="tests.test_clock_initialization.TestClockInitialization" name="test_api_returns_period_duration" time="0.347" /><testcase classname="tests.test_clock_initialization.TestQuarterAdvancement" name="test_quarter_advancement_preserves_period_duration" time="0.376" /></testsuite></testsuites>