<?xml version="1.0" encoding="utf-8"?><testsuites name="pytest tests"><testsuite name="pytest" errors="0" failures="0" skipped="0" tests="7" time="2.415" timestamp="2026-01-14T18:18:48.437526+00:00" hostname="agent-env-4e3dbc3b-9f29-4883-910f-69c3804a5b37"><testcase classname="tests.test_baseball_lineup_score.TestBaseballLineupAndScore" name="test_01_create_baseball_teams" time="0.394" /><testcase classname="tests.test_baseball_lineup_score.TestBaseballLineupAndScore" name="test_02_create_baseball_game" time="0.304" /><testcase classname="tests.test_baseball_lineup_score.TestBaseballLineupAndScore" name="test_03_update_game_score" time="0.337" /><testcase classname="tests.test_baseball_lineup_score.TestBaseballLineupAndScore" name="test_04_update_batting_order" time="0.316" /><testcase classname="tests.test_baseball_lineup_score.TestBaseballLineupAndScore" name="test_05_update_defense" time="0.301" /><testcase classname="tests.test_baseball_lineup_score.TestBaseballLineupAndScore" name="test_06_verify_all_fields_persist" time="0.297" /><testcase classname="tests.test_baseball_lineup_score.TestBaseballLineupAndScore" name="test_07_cleanup" time="0.350" /></testsuite></testsuites>