<?xml version="1.0" encoding="utf-8"?><testsuites name="pytest tests"><testsuite name="pytest" errors="0" failures="1" skipped="0" tests="13" time="1.743" timestamp="2026-01-05T22:59:58.966085+00:00" hostname="agent-env-9b5b655c-f883-414e-b79d-002e0cf03d82"><testcase classname="tests.test_beta_mode.TestBetaModePublicEndpoints" name="test_get_beta_status_returns_200" time="0.082" /><testcase classname="tests.test_beta_mode.TestBetaModePublicEndpoints" name="test_beta_verify_invalid_sport" time="0.044"><failure message="AssertionError: Invalid sport should return valid=False&#10;assert True == False&#10; +  where True = &lt;built-in method get of dict object at 0xf998e7413e00&gt;('valid')&#10; +    where &lt;built-in method get of dict object at 0xf998e7413e00&gt; = {'valid': True}.get">tests/test_beta_mode.py:47: in test_beta_verify_invalid_sport
    assert data.get("valid") == False, "Invalid sport should return valid=False"
E   AssertionError: Invalid sport should return valid=False
E   assert True == False
E    +  where True = &lt;built-in method get of dict object at 0xf998e7413e00&gt;('valid')
E    +    where &lt;built-in method get of dict object at 0xf998e7413e00&gt; = {'valid': True}.get</failure></testcase><testcase classname="tests.test_beta_mode.TestBetaModePublicEndpoints" name="test_beta_verify_when_not_in_beta" time="0.128" /><testcase classname="tests.test_beta_mode.TestBetaModeAdminEndpoints" name="test_get_beta_settings_requires_auth" time="0.041" /><testcase classname="tests.test_beta_mode.TestBetaModeAdminEndpoints" name="test_put_beta_settings_requires_auth" time="0.078" /><testcase classname="tests.test_beta_mode.TestBetaModeAdminEndpoints" name="test_get_beta_settings_as_admin" time="0.317" /><testcase classname="tests.test_beta_mode.TestBetaModeAdminEndpoints" name="test_enable_basketball_beta_mode" time="0.144" /><testcase classname="tests.test_beta_mode.TestBetaModeAdminEndpoints" name="test_beta_verify_with_correct_password" time="0.087" /><testcase classname="tests.test_beta_mode.TestBetaModeAdminEndpoints" name="test_beta_verify_with_incorrect_password" time="0.074" /><testcase classname="tests.test_beta_mode.TestBetaModeAdminEndpoints" name="test_enable_football_beta_mode" time="0.113" /><testcase classname="tests.test_beta_mode.TestBetaModeAdminEndpoints" name="test_disable_all_beta_modes" time="0.081" /><testcase classname="tests.test_beta_mode.TestAdminAuthCheck" name="test_admin_check_without_auth" time="0.037" /><testcase classname="tests.test_beta_mode.TestAdminAuthCheck" name="test_admin_check_as_admin" time="0.343" /></testsuite></testsuites>