<?xml version="1.0" encoding="utf-8"?><testsuites name="pytest tests"><testsuite name="pytest" errors="0" failures="1" skipped="0" tests="15" time="4.570" timestamp="2026-01-09T03:18:37.418870+00:00" hostname="agent-env-527fafac-fd3b-44d3-9a50-ac7bf55baf1c"><testcase classname="tests.test_new_features.TestAuthentication" name="test_login_success" time="0.317" /><testcase classname="tests.test_new_features.TestSchoolDashboard" name="test_get_my_school" time="0.315" /><testcase classname="tests.test_new_features.TestSchoolDashboard" name="test_school_code_format" time="0.040" /><testcase classname="tests.test_new_features.TestSchoolSearch" name="test_search_by_name" time="0.307" /><testcase classname="tests.test_new_features.TestSchoolSearch" name="test_search_by_code" time="0.089" /><testcase classname="tests.test_new_features.TestSchoolSearch" name="test_search_with_sport_filter" time="0.043" /><testcase classname="tests.test_new_features.TestSeasonCreation" name="test_create_season_with_gender_level" time="0.377" /><testcase classname="tests.test_new_features.TestSeasonCreation" name="test_create_season_men_varsity" time="0.041" /><testcase classname="tests.test_new_features.TestSeasonCreation" name="test_invalid_gender_rejected" time="0.040" /><testcase classname="tests.test_new_features.TestSeasonCreation" name="test_invalid_level_rejected" time="0.037" /><testcase classname="tests.test_new_features.TestSeasonUpdate" name="test_update_season_name" time="0.423" /><testcase classname="tests.test_new_features.TestSeasonDelete" name="test_delete_season_wrong_password" time="0.608" /><testcase classname="tests.test_new_features.TestSeasonDelete" name="test_delete_season_correct_password" time="0.348" /><testcase classname="tests.test_new_features.TestLinkRosterImport" name="test_scrape_roster_endpoint_exists" time="0.301"><failure message="Failed: scrape-roster endpoint does not exist">tests/test_new_features.py:404: in test_scrape_roster_endpoint_exists
    pytest.fail("scrape-roster endpoint does not exist")
E   Failed: scrape-roster endpoint does not exist</failure></testcase><testcase classname="tests.test_new_features.TestCleanup" name="test_cleanup_test_seasons" time="1.142" /></testsuite></testsuites>