<?xml version="1.0" encoding="utf-8"?><testsuites name="pytest tests"><testsuite name="pytest" errors="0" failures="0" skipped="0" tests="21" time="6.303" timestamp="2026-01-11T18:10:46.078374+00:00" hostname="agent-env-d85fcbef-6b0b-4389-8d81-dfc396a64f1c"><testcase classname="tests.test_admin_dashboard_features.TestAdminUsersEndpoint" name="test_admin_users_returns_200" time="0.337" /><testcase classname="tests.test_admin_dashboard_features.TestAdminUsersEndpoint" name="test_admin_users_returns_users_list" time="0.302" /><testcase classname="tests.test_admin_dashboard_features.TestAdminUsersEndpoint" name="test_admin_users_contains_effective_role" time="0.317" /><testcase classname="tests.test_admin_dashboard_features.TestAdminUsersEndpoint" name="test_admin_users_contains_subscription_tier" time="0.301" /><testcase classname="tests.test_admin_dashboard_features.TestAdminUsersEndpoint" name="test_admin_users_contains_subscription_status" time="0.335" /><testcase classname="tests.test_admin_dashboard_features.TestAdminUsersEndpoint" name="test_primary_admin_has_correct_role" time="0.310" /><testcase classname="tests.test_admin_dashboard_features.TestAdminPricingEndpoint" name="test_get_pricing_returns_200" time="0.334" /><testcase classname="tests.test_admin_dashboard_features.TestAdminPricingEndpoint" name="test_get_pricing_returns_all_tiers" time="0.332" /><testcase classname="tests.test_admin_dashboard_features.TestAdminPricingEndpoint" name="test_pricing_tiers_have_required_fields" time="0.309" /><testcase classname="tests.test_admin_dashboard_features.TestAdminPricingEndpoint" name="test_bronze_tier_is_free" time="0.377" /><testcase classname="tests.test_admin_dashboard_features.TestAdminPricingEndpoint" name="test_silver_tier_pricing" time="0.299" /><testcase classname="tests.test_admin_dashboard_features.TestAdminPricingEndpoint" name="test_gold_tier_pricing" time="0.296" /><testcase classname="tests.test_admin_dashboard_features.TestAdminPricingEndpoint" name="test_put_pricing_updates_config" time="0.404" /><testcase classname="tests.test_admin_dashboard_features.TestAdminRoleManagement" name="test_role_endpoint_requires_auth" time="0.306" /><testcase classname="tests.test_admin_dashboard_features.TestAdminRoleManagement" name="test_role_endpoint_validates_role_value" time="0.338" /><testcase classname="tests.test_admin_dashboard_features.TestAdminRoleManagement" name="test_cannot_modify_primary_admin_role" time="0.395" /><testcase classname="tests.test_admin_dashboard_features.TestAdminRoleManagement" name="test_grant_admin_role_to_user" time="0.414" /><testcase classname="tests.test_admin_dashboard_features.TestAdminAccessControl" name="test_admin_users_requires_admin" time="0.033" /><testcase classname="tests.test_admin_dashboard_features.TestAdminAccessControl" name="test_admin_pricing_requires_admin" time="0.035" /><testcase classname="tests.test_admin_dashboard_features.TestAdminAccessControl" name="test_admin_stats_requires_admin" time="0.032" /><testcase classname="tests.test_admin_dashboard_features.TestPrimaryAdminProtection" name="test_cannot_delete_primary_admin" time="0.415" /></testsuite></testsuites>