<?xml version="1.0" encoding="utf-8"?><testsuites name="pytest tests"><testsuite name="pytest" errors="0" failures="0" skipped="0" tests="12" time="0.628" timestamp="2026-01-06T18:14:14.196103+00:00" hostname="agent-env-9b5b655c-f883-414e-b79d-002e0cf03d82"><testcase classname="tests.test_public_pdf_export.TestPublicPdfEndpoint" name="test_public_pdf_returns_200_without_auth" time="0.090" /><testcase classname="tests.test_public_pdf_export.TestPublicPdfEndpoint" name="test_public_pdf_returns_pdf_content_type" time="0.052" /><testcase classname="tests.test_public_pdf_export.TestPublicPdfEndpoint" name="test_public_pdf_has_valid_pdf_header" time="0.053" /><testcase classname="tests.test_public_pdf_export.TestPublicPdfEndpoint" name="test_public_pdf_has_content_disposition_header" time="0.047" /><testcase classname="tests.test_public_pdf_export.TestPublicPdfEndpoint" name="test_public_pdf_contains_team_names_in_filename" time="0.045" /><testcase classname="tests.test_public_pdf_export.TestPublicPdfEndpoint" name="test_public_pdf_has_reasonable_size" time="0.047" /><testcase classname="tests.test_public_pdf_export.TestPublicPdfEndpoint" name="test_public_pdf_returns_404_for_invalid_game" time="0.034" /><testcase classname="tests.test_public_pdf_export.TestShareCodeEndpoint" name="test_share_code_returns_game_data" time="0.034" /><testcase classname="tests.test_public_pdf_export.TestShareCodeEndpoint" name="test_share_code_returns_player_stats" time="0.040" /><testcase classname="tests.test_public_pdf_export.TestShareCodeEndpoint" name="test_share_code_returns_404_for_invalid_code" time="0.035" /><testcase classname="tests.test_public_pdf_export.TestAuthenticatedVsPublicPdf" name="test_authenticated_pdf_requires_auth" time="0.036" /><testcase classname="tests.test_public_pdf_export.TestAuthenticatedVsPublicPdf" name="test_public_pdf_does_not_require_auth" time="0.050" /></testsuite></testsuites>