<?xml version="1.0" encoding="utf-8"?><testsuites name="pytest tests"><testsuite name="pytest" errors="0" failures="0" skipped="0" tests="14" time="2.522" timestamp="2026-01-09T04:50:53.507041+00:00" hostname="agent-env-4b9bf183-21da-4908-8c04-3be0c263de3a"><testcase classname="tests.test_priority_features.TestSchoolCreationBetaMode" name="test_beta_status_includes_school_creation" time="0.081" /><testcase classname="tests.test_priority_features.TestSchoolCreationBetaMode" name="test_admin_beta_settings_includes_school_creation" time="0.311" /><testcase classname="tests.test_priority_features.TestSchoolCreationBetaMode" name="test_enable_school_creation_beta_mode" time="0.214" /><testcase classname="tests.test_priority_features.TestSchoolCreationBetaMode" name="test_beta_verify_school_creation_correct_password" time="0.120" /><testcase classname="tests.test_priority_features.TestSchoolCreationBetaMode" name="test_beta_verify_school_creation_incorrect_password" time="0.161" /><testcase classname="tests.test_priority_features.TestSchoolCreationBetaMode" name="test_disable_school_creation_beta_mode" time="0.112" /><testcase classname="tests.test_priority_features.TestAdminDeleteUser" name="test_delete_user_requires_auth" time="0.036" /><testcase classname="tests.test_priority_features.TestAdminDeleteUser" name="test_delete_nonexistent_user" time="0.343" /><testcase classname="tests.test_priority_features.TestAdminDeleteUser" name="test_cannot_delete_main_admin" time="0.082" /><testcase classname="tests.test_priority_features.TestAdminDeleteUser" name="test_admin_users_list_endpoint" time="0.042" /><testcase classname="tests.test_priority_features.TestRosterDuplication" name="test_rosters_endpoint_requires_auth" time="0.035" /><testcase classname="tests.test_priority_features.TestRosterDuplication" name="test_rosters_endpoint_returns_list" time="0.386" /><testcase classname="tests.test_priority_features.TestRosterDuplication" name="test_rosters_endpoint_unauthorized_school" time="0.042" /><testcase classname="tests.test_priority_features.TestIntegration" name="test_admin_dashboard_data_flow" time="0.420" /></testsuite></testsuites>