<?xml version="1.0" encoding="utf-8"?><testsuites name="pytest tests"><testsuite name="pytest" errors="0" failures="0" skipped="0" tests="9" time="2.206" timestamp="2026-01-10T15:59:39.323772+00:00" hostname="agent-env-99b6c4c7-855d-4e87-bb19-004e71a48b33"><testcase classname="tests.test_beta_mode.TestBetaModeEndpoints" name="test_site_beta_status_public" time="0.093" /><testcase classname="tests.test_beta_mode.TestBetaModeEndpoints" name="test_check_beta_access_requires_auth" time="0.040" /><testcase classname="tests.test_beta_mode.TestBetaModeEndpoints" name="test_check_beta_access_admin" time="0.269" /><testcase classname="tests.test_beta_mode.TestBetaModeEndpoints" name="test_get_beta_settings_admin_only" time="0.307" /><testcase classname="tests.test_beta_mode.TestBetaModeEndpoints" name="test_update_beta_settings_admin_only" time="0.363" /><testcase classname="tests.test_beta_mode.TestBetaModeEndpoints" name="test_enable_site_beta_and_add_email" time="0.341" /><testcase classname="tests.test_beta_mode.TestBetaModeEndpoints" name="test_remove_email_from_whitelist" time="0.346" /><testcase classname="tests.test_beta_mode.TestBetaModeEndpoints" name="test_beta_status_public_endpoint" time="0.037" /><testcase classname="tests.test_beta_mode.TestBetaModeIntegration" name="test_full_beta_mode_flow" time="0.343" /></testsuite></testsuites>