<?xml version="1.0" encoding="utf-8"?><testsuites name="pytest tests"><testsuite name="pytest" errors="0" failures="0" skipped="0" tests="11" time="1.450" timestamp="2026-01-11T18:31:05.946587+00:00" hostname="agent-env-d85fcbef-6b0b-4389-8d81-dfc396a64f1c"><testcase classname="tests.test_p1_p3_features.TestTrialPeriods" name="test_packages_endpoint_returns_trial_days" time="0.101" /><testcase classname="tests.test_p1_p3_features.TestTrialPeriods" name="test_bronze_has_zero_trial_days" time="0.039" /><testcase classname="tests.test_p1_p3_features.TestTrialPeriods" name="test_silver_has_14_trial_days" time="0.039" /><testcase classname="tests.test_p1_p3_features.TestTrialPeriods" name="test_gold_has_14_trial_days" time="0.042" /><testcase classname="tests.test_p1_p3_features.TestTrialPeriods" name="test_annual_plans_have_trial_days" time="0.034" /><testcase classname="tests.test_p1_p3_features.TestSeasonClone" name="test_clone_endpoint_exists" time="0.459" /><testcase classname="tests.test_p1_p3_features.TestSeasonClone" name="test_clone_returns_new_season_id" time="0.511" /><testcase classname="tests.test_p1_p3_features.TestSeasonClone" name="test_clone_requires_authentication" time="0.035" /><testcase classname="tests.test_p1_p3_features.TestTierFeatures" name="test_tier_features_bronze" time="0.036" /><testcase classname="tests.test_p1_p3_features.TestTierFeatures" name="test_tier_features_silver" time="0.042" /><testcase classname="tests.test_p1_p3_features.TestTierFeatures" name="test_tier_features_gold" time="0.032" /></testsuite></testsuites>