<?xml version="1.0" encoding="utf-8"?><testsuites name="pytest tests"><testsuite name="pytest" errors="0" failures="0" skipped="0" tests="19" time="3.255" timestamp="2026-01-13T02:45:38.579963+00:00" hostname="agent-env-4e3dbc3b-9f29-4883-910f-69c3804a5b37"><testcase classname="tests.test_subscription_pwa.TestPWAAssets" name="test_manifest_json_accessible" time="0.056" /><testcase classname="tests.test_subscription_pwa.TestPWAAssets" name="test_manifest_icons_defined" time="0.036" /><testcase classname="tests.test_subscription_pwa.TestPWAAssets" name="test_service_worker_accessible" time="0.043" /><testcase classname="tests.test_subscription_pwa.TestPWAAssets" name="test_offline_html_accessible" time="0.036" /><testcase classname="tests.test_subscription_pwa.TestPWAAssets" name="test_logo_192_accessible" time="0.044" /><testcase classname="tests.test_subscription_pwa.TestPWAAssets" name="test_logo_512_accessible" time="0.041" /><testcase classname="tests.test_subscription_pwa.TestSubscriptionEndpointsUnauthenticated" name="test_pending_changes_requires_auth" time="0.036" /><testcase classname="tests.test_subscription_pwa.TestSubscriptionEndpointsUnauthenticated" name="test_change_tier_requires_auth" time="0.044" /><testcase classname="tests.test_subscription_pwa.TestSubscriptionEndpointsUnauthenticated" name="test_cancel_pending_change_requires_auth" time="0.077" /><testcase classname="tests.test_subscription_pwa.TestSubscriptionEndpointsUnauthenticated" name="test_subscription_details_requires_auth" time="0.036" /><testcase classname="tests.test_subscription_pwa.TestSubscriptionEndpointsAuthenticated" name="test_subscription_details_returns_data" time="0.285" /><testcase classname="tests.test_subscription_pwa.TestSubscriptionEndpointsAuthenticated" name="test_pending_changes_returns_data" time="0.326" /><testcase classname="tests.test_subscription_pwa.TestSubscriptionEndpointsAuthenticated" name="test_change_tier_validates_tier" time="0.285" /><testcase classname="tests.test_subscription_pwa.TestSubscriptionEndpointsAuthenticated" name="test_change_tier_validates_interval" time="0.327" /><testcase classname="tests.test_subscription_pwa.TestSubscriptionEndpointsAuthenticated" name="test_change_tier_to_bronze" time="0.324" /><testcase classname="tests.test_subscription_pwa.TestSubscriptionEndpointsAuthenticated" name="test_change_tier_to_silver_requires_checkout" time="0.324" /><testcase classname="tests.test_subscription_pwa.TestSubscriptionEndpointsAuthenticated" name="test_change_tier_to_gold_requires_checkout" time="0.288" /><testcase classname="tests.test_subscription_pwa.TestSubscriptionEndpointsAuthenticated" name="test_cancel_pending_change_no_pending" time="0.288" /><testcase classname="tests.test_subscription_pwa.TestSubscriptionEndpointsAuthenticated" name="test_change_tier_case_insensitive" time="0.284" /></testsuite></testsuites>