<?xml version="1.0" encoding="utf-8"?><testsuites name="pytest tests"><testsuite name="pytest" errors="0" failures="0" skipped="0" tests="14" time="1.358" timestamp="2026-01-21T03:22:42.393382+00:00" hostname="agent-env-b056aff2-5c5d-4d87-adbf-10246c33c8ee"><testcase classname="tests.test_public_api.TestPublicAPIKeyManagement" name="test_01_list_api_keys" time="0.356" /><testcase classname="tests.test_public_api.TestPublicAPIKeyManagement" name="test_02_create_api_key" time="0.042" /><testcase classname="tests.test_public_api.TestPublicAPIKeyManagement" name="test_03_verify_key_in_list" time="0.037" /><testcase classname="tests.test_public_api.TestPublicAPIKeyManagement" name="test_04_delete_api_key" time="0.041" /><testcase classname="tests.test_public_api.TestPublicAPIKeyManagement" name="test_05_verify_key_deleted" time="0.040" /><testcase classname="tests.test_public_api.TestPublicGamesEndpoint" name="test_01_no_api_key_returns_401" time="0.038" /><testcase classname="tests.test_public_api.TestPublicGamesEndpoint" name="test_02_invalid_api_key_returns_401" time="0.043" /><testcase classname="tests.test_public_api.TestPublicGamesEndpoint" name="test_03_valid_api_key_returns_games" time="0.060" /><testcase classname="tests.test_public_api.TestPublicGamesEndpoint" name="test_04_filter_by_sport" time="0.129" /><testcase classname="tests.test_public_api.TestPublicGamesEndpoint" name="test_05_filter_by_status" time="0.152" /><testcase classname="tests.test_public_api.TestPublicGamesEndpoint" name="test_06_pagination" time="0.103" /><testcase classname="tests.test_public_api.TestGameRostersEndpoint" name="test_01_no_api_key_returns_401" time="0.085" /><testcase classname="tests.test_public_api.TestGameRostersEndpoint" name="test_02_invalid_game_id_returns_404" time="0.039" /><testcase classname="tests.test_public_api.TestGameRostersEndpoint" name="test_03_valid_request_returns_rosters" time="0.039" /></testsuite></testsuites>