<?xml version="1.0" encoding="utf-8"?><testsuites name="pytest tests"><testsuite name="pytest" errors="0" failures="0" skipped="0" tests="8" time="2.657" timestamp="2026-01-10T02:35:56.545084+00:00" hostname="agent-env-999cfeda-2904-4059-8763-921265d6e7f7"><testcase classname="tests.test_baseball_features.TestBaseballFeatures" name="test_health_check" time="0.389" /><testcase classname="tests.test_baseball_features.TestBaseballFeatures" name="test_teams_filtered_by_sport_basketball" time="0.284" /><testcase classname="tests.test_baseball_features.TestBaseballFeatures" name="test_teams_filtered_by_sport_baseball" time="0.283" /><testcase classname="tests.test_baseball_features.TestBaseballFeatures" name="test_create_baseball_game_with_7_innings" time="0.336" /><testcase classname="tests.test_baseball_features.TestBaseballFeatures" name="test_create_baseball_game_with_9_innings" time="0.375" /><testcase classname="tests.test_baseball_features.TestBaseballFeatures" name="test_update_baseball_game_state" time="0.329" /><testcase classname="tests.test_baseball_features.TestBaseballFeatures" name="test_get_existing_baseball_game" time="0.273" /><testcase classname="tests.test_baseball_features.TestBaseballFeatures" name="test_baseball_teams_exist" time="0.317" /></testsuite></testsuites>