<?xml version="1.0" encoding="utf-8"?><testsuites name="pytest tests"><testsuite name="pytest" errors="0" failures="0" skipped="0" tests="22" time="1.076" timestamp="2026-01-09T00:58:15.673361+00:00" hostname="agent-env-dbe80444-fef5-43d7-acdc-49176f7cad35"><testcase classname="tests.test_school_apis.TestSchoolAPIs" name="test_check_school_name_available" time="0.076" /><testcase classname="tests.test_school_apis.TestSchoolAPIs" name="test_check_school_name_taken" time="0.039" /><testcase classname="tests.test_school_apis.TestSchoolAPIs" name="test_get_states_list" time="0.040" /><testcase classname="tests.test_school_apis.TestSchoolAPIs" name="test_get_security_questions" time="0.040" /><testcase classname="tests.test_school_apis.TestSchoolAPIs" name="test_get_my_school" time="0.040" /><testcase classname="tests.test_school_apis.TestSchoolAPIs" name="test_get_school_members" time="0.040" /><testcase classname="tests.test_school_apis.TestSchoolAPIs" name="test_get_school_calendar" time="0.085" /><testcase classname="tests.test_school_apis.TestSchoolAPIs" name="test_get_school_seasons" time="0.041" /><testcase classname="tests.test_school_apis.TestSchoolAPIs" name="test_create_season" time="0.043" /><testcase classname="tests.test_school_apis.TestSchoolAPIs" name="test_get_season_details" time="0.043" /><testcase classname="tests.test_school_apis.TestSchoolAPIs" name="test_get_school_teams" time="0.048" /><testcase classname="tests.test_school_apis.TestSchoolAPIs" name="test_create_team_with_roster" time="0.045" /><testcase classname="tests.test_school_apis.TestSchoolAPIs" name="test_create_opponent_team" time="0.037" /><testcase classname="tests.test_school_apis.TestSchoolAPIs" name="test_set_season_team" time="0.080" /><testcase classname="tests.test_school_apis.TestSchoolAPIs" name="test_create_game" time="0.042" /><testcase classname="tests.test_school_apis.TestSchoolAPIs" name="test_get_school_games" time="0.037" /><testcase classname="tests.test_school_apis.TestSchoolAPIs" name="test_regenerate_invite_code" time="0.042" /><testcase classname="tests.test_school_apis.TestSchoolAPIs" name="test_get_school_by_invite" time="0.038" /><testcase classname="tests.test_school_apis.TestSchoolAPIs" name="test_unauthorized_access_my_school" time="0.037" /><testcase classname="tests.test_school_apis.TestSchoolAPIs" name="test_invalid_token_rejected" time="0.040" /><testcase classname="tests.test_school_apis.TestSchoolSignupValidation" name="test_register_school_missing_fields" time="0.041" /><testcase classname="tests.test_school_apis.TestSchoolSignupValidation" name="test_register_school_duplicate_name" time="0.041" /></testsuite></testsuites>