<?xml version="1.0" encoding="utf-8"?><testsuites name="pytest tests"><testsuite name="pytest" errors="0" failures="0" skipped="0" tests="11" time="1.508" timestamp="2026-01-09T02:47:30.569876+00:00" hostname="agent-env-527fafac-fd3b-44d3-9a50-ac7bf55baf1c"><testcase classname="tests.test_edit_opponent.TestEditOpponentAPI" name="test_login_success" time="0.299" /><testcase classname="tests.test_edit_opponent.TestEditOpponentAPI" name="test_get_school_info" time="0.021" /><testcase classname="tests.test_edit_opponent.TestEditOpponentAPI" name="test_get_school_teams" time="0.015" /><testcase classname="tests.test_edit_opponent.TestEditOpponentAPI" name="test_update_opponent_name" time="0.135" /><testcase classname="tests.test_edit_opponent.TestEditOpponentAPI" name="test_update_opponent_color" time="0.118" /><testcase classname="tests.test_edit_opponent.TestEditOpponentAPI" name="test_update_opponent_logo" time="0.117" /><testcase classname="tests.test_edit_opponent.TestEditOpponentAPI" name="test_update_opponent_roster" time="0.116" /><testcase classname="tests.test_edit_opponent.TestEditOpponentAPI" name="test_update_multiple_fields" time="0.118" /><testcase classname="tests.test_edit_opponent.TestSeasonStatsAPI" name="test_get_seasons" time="0.332" /><testcase classname="tests.test_edit_opponent.TestSeasonStatsAPI" name="test_get_season_details" time="0.064" /><testcase classname="tests.test_edit_opponent.TestSeasonStatsAPI" name="test_get_season_games" time="0.064" /></testsuite></testsuites>