<?xml version="1.0" encoding="utf-8"?><testsuites name="pytest tests"><testsuite name="pytest" errors="0" failures="0" skipped="0" tests="7" time="1.851" timestamp="2026-01-13T02:05:10.746859+00:00" hostname="agent-env-4e3dbc3b-9f29-4883-910f-69c3804a5b37"><testcase classname="tests.test_admin_flow.TestAdminLogin" name="test_admin_login_returns_is_admin_true" time="0.341" /><testcase classname="tests.test_admin_flow.TestAdminLogin" name="test_admin_me_endpoint_returns_is_admin_true" time="0.040" /><testcase classname="tests.test_admin_flow.TestAdminDashboardAccess" name="test_admin_can_access_admin_users_endpoint" time="0.371" /><testcase classname="tests.test_admin_flow.TestAdminDashboardAccess" name="test_admin_can_access_admin_stats_endpoint" time="0.328" /><testcase classname="tests.test_admin_flow.TestAdminDashboardAccess" name="test_admin_can_access_beta_settings" time="0.313" /><testcase classname="tests.test_admin_flow.TestAdminDashboardAccess" name="test_admin_can_access_pricing_config" time="0.354" /><testcase classname="tests.test_admin_flow.TestNonAdminAccess" name="test_unauthenticated_cannot_access_admin_endpoints" time="0.032" /></testsuite></testsuites>