<?xml version="1.0" encoding="utf-8"?><testsuites name="pytest tests"><testsuite name="pytest" errors="0" failures="0" skipped="0" tests="7" time="0.519" timestamp="2026-01-11T18:55:14.747443+00:00" hostname="agent-env-d85fcbef-6b0b-4389-8d81-dfc396a64f1c"><testcase classname="tests.test_iteration_43_features.TestPaymentsAPI" name="test_user_tier_endpoint_returns_tier" time="0.075" /><testcase classname="tests.test_iteration_43_features.TestPaymentsAPI" name="test_user_tier_default_bronze" time="0.045" /><testcase classname="tests.test_iteration_43_features.TestPaymentsAPI" name="test_packages_endpoint" time="0.044" /><testcase classname="tests.test_iteration_43_features.TestPaymentsAPI" name="test_tier_features_bronze" time="0.053" /><testcase classname="tests.test_iteration_43_features.TestPaymentsAPI" name="test_tier_features_silver" time="0.045" /><testcase classname="tests.test_iteration_43_features.TestPaymentsAPI" name="test_tier_features_gold" time="0.084" /><testcase classname="tests.test_iteration_43_features.TestHealthCheck" name="test_api_health" time="0.088" /></testsuite></testsuites>