<?xml version="1.0" encoding="utf-8"?><testsuites name="pytest tests"><testsuite name="pytest" errors="0" failures="0" skipped="0" tests="17" time="5.460" timestamp="2026-01-13T02:28:33.728821+00:00" hostname="agent-env-4e3dbc3b-9f29-4883-910f-69c3804a5b37"><testcase classname="tests.test_subscription_tier_change.TestSubscriptionTierChange" name="test_change_tier_endpoint_exists" time="0.351" /><testcase classname="tests.test_subscription_tier_change.TestSubscriptionTierChange" name="test_change_tier_invalid_tier" time="0.288" /><testcase classname="tests.test_subscription_tier_change.TestSubscriptionTierChange" name="test_change_tier_invalid_billing_interval" time="0.370" /><testcase classname="tests.test_subscription_tier_change.TestSubscriptionTierChange" name="test_change_tier_to_bronze_no_subscription" time="0.323" /><testcase classname="tests.test_subscription_tier_change.TestSubscriptionTierChange" name="test_change_tier_requires_checkout_no_subscription" time="0.287" /><testcase classname="tests.test_subscription_tier_change.TestSubscriptionTierChange" name="test_change_tier_gold_requires_checkout" time="0.328" /><testcase classname="tests.test_subscription_tier_change.TestSubscriptionTierChange" name="test_change_tier_annual_billing" time="0.290" /><testcase classname="tests.test_subscription_tier_change.TestSubscriptionTierChange" name="test_pending_changes_endpoint_exists" time="0.280" /><testcase classname="tests.test_subscription_tier_change.TestSubscriptionTierChange" name="test_pending_changes_returns_correct_structure" time="0.292" /><testcase classname="tests.test_subscription_tier_change.TestSubscriptionTierChange" name="test_cancel_pending_change_endpoint_exists" time="0.282" /><testcase classname="tests.test_subscription_tier_change.TestSubscriptionTierChange" name="test_cancel_pending_change_no_pending" time="0.293" /><testcase classname="tests.test_subscription_tier_change.TestSubscriptionTierChange" name="test_change_tier_unauthenticated" time="0.352" /><testcase classname="tests.test_subscription_tier_change.TestSubscriptionTierChange" name="test_pending_changes_unauthenticated" time="0.310" /><testcase classname="tests.test_subscription_tier_change.TestSubscriptionTierChange" name="test_cancel_pending_change_unauthenticated" time="0.306" /><testcase classname="tests.test_subscription_tier_change.TestSubscriptionTierValidation" name="test_valid_tiers" time="0.426" /><testcase classname="tests.test_subscription_tier_change.TestSubscriptionTierValidation" name="test_valid_billing_intervals" time="0.299" /><testcase classname="tests.test_subscription_tier_change.TestSubscriptionTierValidation" name="test_case_insensitive_tier" time="0.308" /></testsuite></testsuites>