<?xml version="1.0" encoding="utf-8"?><testsuites name="pytest tests"><testsuite name="pytest" errors="0" failures="0" skipped="0" tests="7" time="2.074" timestamp="2026-01-06T16:01:44.178707+00:00" hostname="agent-env-9b5b655c-f883-414e-b79d-002e0cf03d82"><testcase classname="tests.test_admin_login.TestAdminLogin" name="test_login_with_email_success" time="0.322" /><testcase classname="tests.test_admin_login.TestAdminLogin" name="test_login_with_username_success" time="0.276" /><testcase classname="tests.test_admin_login.TestAdminLogin" name="test_login_wrong_password" time="0.277" /><testcase classname="tests.test_admin_login.TestAdminLogin" name="test_login_nonexistent_user" time="0.040" /><testcase classname="tests.test_admin_login.TestAdminLogin" name="test_session_token_works_for_auth_me" time="0.309" /><testcase classname="tests.test_admin_login.TestAdminLogin" name="test_logout_clears_session" time="0.367" /><testcase classname="tests.test_admin_login.TestAdminLogin" name="test_admin_check_endpoint" time="0.362" /></testsuite></testsuites>