<?xml version="1.0" encoding="utf-8"?><testsuites name="pytest tests"><testsuite name="pytest" errors="0" failures="0" skipped="0" tests="9" time="1.555" timestamp="2026-01-12T18:11:51.231640+00:00" hostname="agent-env-7ec6ac81-cf57-4e75-ac2e-08f0b7748040"><testcase classname="tests.test_basketball_bonus_rules.TestBonusRulesGameCreation" name="test_create_game_with_default_bonus_settings" time="0.377" /><testcase classname="tests.test_basketball_bonus_rules.TestBonusRulesGameCreation" name="test_create_game_with_nba_bonus_settings" time="0.066" /><testcase classname="tests.test_basketball_bonus_rules.TestBonusRulesGameCreation" name="test_create_game_with_custom_bonus_settings" time="0.031" /><testcase classname="tests.test_basketball_bonus_rules.TestBonusRulesGameCreation" name="test_create_game_with_bonus_disabled" time="0.034" /><testcase classname="tests.test_basketball_bonus_rules.TestBonusAutoCalculation" name="test_bonus_triggers_at_threshold" time="0.288" /><testcase classname="tests.test_basketball_bonus_rules.TestBonusAutoCalculation" name="test_double_bonus_triggers_at_threshold" time="0.289" /><testcase classname="tests.test_basketball_bonus_rules.TestBonusEndpoint" name="test_manual_bonus_toggle" time="0.176" /><testcase classname="tests.test_basketball_bonus_rules.TestJumbotronBonusDisplay" name="test_jumbotron_shows_bonus_status" time="0.050" /><testcase classname="tests.test_basketball_bonus_rules.TestNonBasketballSports" name="test_football_game_no_bonus" time="0.167" /></testsuite></testsuites>