<?xml version="1.0" encoding="utf-8"?><testsuites name="pytest tests"><testsuite name="pytest" errors="0" failures="0" skipped="0" tests="8" time="0.471" timestamp="2026-01-06T20:05:24.425674+00:00" hostname="agent-env-9b5b655c-f883-414e-b79d-002e0cf03d82"><testcase classname="tests.test_csv_export.TestTeamComparisonCSV" name="test_csv_endpoint_returns_200" time="0.077" /><testcase classname="tests.test_csv_export.TestTeamComparisonCSV" name="test_csv_content_type" time="0.040" /><testcase classname="tests.test_csv_export.TestTeamComparisonCSV" name="test_csv_has_three_rows" time="0.044" /><testcase classname="tests.test_csv_export.TestTeamComparisonCSV" name="test_csv_row1_home_team_stats" time="0.037" /><testcase classname="tests.test_csv_export.TestTeamComparisonCSV" name="test_csv_row2_stat_titles" time="0.041" /><testcase classname="tests.test_csv_export.TestTeamComparisonCSV" name="test_csv_row3_away_team_stats" time="0.041" /><testcase classname="tests.test_csv_export.TestTeamComparisonCSV" name="test_csv_nonexistent_game_returns_404" time="0.036" /><testcase classname="tests.test_csv_export.TestTeamComparisonCSV" name="test_csv_content_disposition_header" time="0.038" /></testsuite></testsuites>