<?xml version="1.0" encoding="utf-8"?><testsuites name="pytest tests"><testsuite name="pytest" errors="0" failures="0" skipped="0" tests="14" time="1.859" timestamp="2026-01-10T05:50:34.961291+00:00" hostname="agent-env-f9ea03fd-4423-429d-822e-b387918c8872"><testcase classname="tests.test_new_features_iteration31.TestAuth" name="test_admin_login" time="0.303" /><testcase classname="tests.test_new_features_iteration31.TestTeamLogoUpload" name="test_logo_upload_png" time="0.337" /><testcase classname="tests.test_new_features_iteration31.TestTeamLogoUpload" name="test_logo_upload_invalid_type" time="0.043" /><testcase classname="tests.test_new_features_iteration31.TestTeamLogoUpload" name="test_logo_upload_nonexistent_team" time="0.059" /><testcase classname="tests.test_new_features_iteration31.TestSharedAccess" name="test_get_shared_access_list" time="0.277" /><testcase classname="tests.test_new_features_iteration31.TestSharedAccess" name="test_get_received_shared_access" time="0.011" /><testcase classname="tests.test_new_features_iteration31.TestSharedAccess" name="test_grant_access_invalid_email" time="0.052" /><testcase classname="tests.test_new_features_iteration31.TestSharedAccess" name="test_grant_access_to_self" time="0.011" /><testcase classname="tests.test_new_features_iteration31.TestSharedAccess" name="test_revoke_nonexistent_access" time="0.010" /><testcase classname="tests.test_new_features_iteration31.TestTeamsWithSharedAccess" name="test_get_teams_returns_list" time="0.289" /><testcase classname="tests.test_new_features_iteration31.TestTeamsWithSharedAccess" name="test_get_teams_with_sport_filter" time="0.011" /><testcase classname="tests.test_new_features_iteration31.TestGamesWithSharedAccess" name="test_get_games_returns_list" time="0.318" /><testcase classname="tests.test_new_features_iteration31.TestGamesWithSharedAccess" name="test_get_games_with_sport_filter" time="0.010" /><testcase classname="tests.test_new_features_iteration31.TestBetaStatus" name="test_beta_status_includes_baseball" time="0.052" /></testsuite></testsuites>