<?xml version="1.0" encoding="utf-8"?><testsuites name="pytest tests"><testsuite name="pytest" errors="0" failures="0" skipped="0" tests="13" time="1.528" timestamp="2026-01-05T23:05:04.683866+00:00" hostname="agent-env-9b5b655c-f883-414e-b79d-002e0cf03d82"><testcase classname="tests.test_beta_mode.TestBetaModePublicEndpoints" name="test_get_beta_status_returns_200" time="0.108" /><testcase classname="tests.test_beta_mode.TestBetaModePublicEndpoints" name="test_beta_verify_invalid_sport" time="0.039" /><testcase classname="tests.test_beta_mode.TestBetaModePublicEndpoints" name="test_beta_verify_when_not_in_beta" time="0.124" /><testcase classname="tests.test_beta_mode.TestBetaModeAdminEndpoints" name="test_get_beta_settings_requires_auth" time="0.038" /><testcase classname="tests.test_beta_mode.TestBetaModeAdminEndpoints" name="test_put_beta_settings_requires_auth" time="0.039" /><testcase classname="tests.test_beta_mode.TestBetaModeAdminEndpoints" name="test_get_beta_settings_as_admin" time="0.299" /><testcase classname="tests.test_beta_mode.TestBetaModeAdminEndpoints" name="test_enable_basketball_beta_mode" time="0.115" /><testcase classname="tests.test_beta_mode.TestBetaModeAdminEndpoints" name="test_beta_verify_with_correct_password" time="0.077" /><testcase classname="tests.test_beta_mode.TestBetaModeAdminEndpoints" name="test_beta_verify_with_incorrect_password" time="0.084" /><testcase classname="tests.test_beta_mode.TestBetaModeAdminEndpoints" name="test_enable_football_beta_mode" time="0.120" /><testcase classname="tests.test_beta_mode.TestBetaModeAdminEndpoints" name="test_disable_all_beta_modes" time="0.077" /><testcase classname="tests.test_beta_mode.TestAdminAuthCheck" name="test_admin_check_without_auth" time="0.037" /><testcase classname="tests.test_beta_mode.TestAdminAuthCheck" name="test_admin_check_as_admin" time="0.301" /></testsuite></testsuites>